<?xml version="1.0" encoding="UTF-8" ?>
<testsuite tests="1" failures="0" name="nil.ed.AppTest" time="0.002" errors="0" skipped="0">
  <properties>
    <property name="idea.version" value="2018.1.7"/>
    <property name="java.runtime.name" value="Java(TM) SE Runtime Environment"/>
    <property name="sun.boot.library.path" value="D:\jdk1.8x86\jre\bin"/>
    <property name="java.vm.version" value="25.171-b11"/>
    <property name="java.vm.vendor" value="Oracle Corporation"/>
    <property name="maven.multiModuleProjectDirectory" value="E:\000Code\idea\fast\easy_dio"/>
    <property name="java.vendor.url" value="http://java.oracle.com/"/>
    <property name="path.separator" value=";"/>
    <property name="guice.disable.misplaced.annotation.check" value="true"/>
    <property name="java.vm.name" value="Java HotSpot(TM) Client VM"/>
    <property name="file.encoding.pkg" value="sun.io"/>
    <property name="user.script" value=""/>
    <property name="user.country" value="CN"/>
    <property name="sun.java.launcher" value="SUN_STANDARD"/>
    <property name="sun.os.patch.level" value=""/>
    <property name="java.vm.specification.name" value="Java Virtual Machine Specification"/>
    <property name="user.dir" value="E:\000Code\idea\fast\easy_dio"/>
    <property name="java.runtime.version" value="1.8.0_171-b11"/>
    <property name="java.awt.graphicsenv" value="sun.awt.Win32GraphicsEnvironment"/>
    <property name="java.endorsed.dirs" value="D:\jdk1.8x86\jre\lib\endorsed"/>
    <property name="os.arch" value="x86"/>
    <property name="java.io.tmpdir" value="D:\AppData\Local\Temp\"/>
    <property name="line.separator" value="
"/>
    <property name="java.vm.specification.vendor" value="Oracle Corporation"/>
    <property name="user.variant" value=""/>
    <property name="os.name" value="Windows 10"/>
    <property name="archetypeCatalog" value="internal"/>
    <property name="classworlds.conf" value="D:\Program Files\apache-maven-3.5.2\bin\m2.conf"/>
    <property name="sun.jnu.encoding" value="GBK"/>
    <property name="java.library.path" value="D:\jdk1.8x86\bin;C:\Windows\Sun\Java\bin;C:\Windows\system32;C:\Windows;C:\Users\李德林\AppData\Local\Programs\Python\Python36-32;D:\oracle_real_path\app\oracle\product\11.2.0\server\bin;c:\program files\ibm\gsk8\lib;D:\Program Files (x86)\IBM\SQLLIB\BIN;D:\Program Files (x86)\Git\cmd;C:\Program Files (x86)\Calibre2\;D:\Program Files\PuTTY\;D:\Program Files\apache-maven-3.5.2\bin;C:\Windows\System32;C:\Program Files\NVIDIA Corporation\NVIDIA NvDLISR;D:\Program Files (x86)\Tesseract-OCR;D:\MINGW;D:\MINGW\bin;D:\Program Files\Apache Software Foundation\Tomcat 9.0\lib;D:\Program Files\Java\jdk1.8.0_131\bin;C:\Users\李德林\AppData\Local\GitHubDesktop\bin;D:\Program Files\JetBrains\CLion 2019.1.4\bin;;;."/>
    <property name="maven.conf" value="D:\Program Files\apache-maven-3.5.2/conf"/>
    <property name="java.specification.name" value="Java Platform API Specification"/>
    <property name="java.class.version" value="52.0"/>
    <property name="sun.management.compiler" value="HotSpot Client Compiler"/>
    <property name="os.version" value="10.0"/>
    <property name="user.home" value="C:\Users\李德林"/>
    <property name="user.timezone" value="Asia/Shanghai"/>
    <property name="java.awt.printerjob" value="sun.awt.windows.WPrinterJob"/>
    <property name="java.specification.version" value="1.8"/>
    <property name="file.encoding" value="UTF-8"/>
    <property name="user.name" value="delin"/>
    <property name="java.class.path" value="D:\Program Files\apache-maven-3.5.2\boot\plexus-classworlds-2.5.2.jar;D:\Program Files\idea\lib\idea_rt.jar"/>
    <property name="org.slf4j.simpleLogger.defaultLogLevel" value="debug"/>
    <property name="java.vm.specification.version" value="1.8"/>
    <property name="sun.arch.data.model" value="32"/>
    <property name="java.home" value="D:\jdk1.8x86\jre"/>
    <property name="sun.java.command" value="org.codehaus.classworlds.Launcher -Didea.version=2018.1.7 clean deploy -X"/>
    <property name="java.specification.vendor" value="Oracle Corporation"/>
    <property name="user.language" value="zh"/>
    <property name="awt.toolkit" value="sun.awt.windows.WToolkit"/>
    <property name="java.vm.info" value="mixed mode, sharing"/>
    <property name="java.version" value="1.8.0_171"/>
    <property name="java.ext.dirs" value="D:\jdk1.8x86\jre\lib\ext;C:\Windows\Sun\Java\lib\ext"/>
    <property name="sun.boot.class.path" value="D:\jdk1.8x86\jre\lib\resources.jar;D:\jdk1.8x86\jre\lib\rt.jar;D:\jdk1.8x86\jre\lib\sunrsasign.jar;D:\jdk1.8x86\jre\lib\jsse.jar;D:\jdk1.8x86\jre\lib\jce.jar;D:\jdk1.8x86\jre\lib\charsets.jar;D:\jdk1.8x86\jre\lib\jfr.jar;D:\jdk1.8x86\jre\classes"/>
    <property name="java.vendor" value="Oracle Corporation"/>
    <property name="maven.home" value="D:\Program Files\apache-maven-3.5.2"/>
    <property name="file.separator" value="\"/>
    <property name="java.vendor.url.bug" value="http://bugreport.sun.com/bugreport/"/>
    <property name="sun.cpu.endian" value="little"/>
    <property name="sun.io.unicode.encoding" value="UnicodeLittle"/>
    <property name="sun.desktop" value="windows"/>
    <property name="sun.cpu.isalist" value="pentium_pro+mmx pentium_pro pentium+mmx pentium i486 i386 i86"/>
  </properties>
  <testcase classname="nil.ed.AppTest" name="testApp" time="0.002"/>
</testsuite>