<?xml version="1.0" encoding="UTF-8"?>
<testsuite xmlns:xsi="http://www.w3.org/2001/XMLSchema-instance" xsi:noNamespaceSchemaLocation="https://maven.apache.org/surefire/maven-surefire-plugin/xsd/surefire-test-report.xsd" name="nil.ed.AppTest" time="0.037" tests="1" errors="0" skipped="0" failures="0">
  <properties>
    <property name="sun.desktop" value="windows"/>
    <property name="awt.toolkit" value="sun.awt.windows.WToolkit"/>
    <property name="file.encoding.pkg" value="sun.io"/>
    <property name="java.specification.version" value="1.8"/>
    <property name="sun.cpu.isalist" value="pentium_pro+mmx pentium_pro pentium+mmx pentium i486 i386 i86"/>
    <property name="sun.jnu.encoding" value="GBK"/>
    <property name="java.class.path" value="E:\000Code\idea\fast\easy_dssl\target\test-classes;E:\000Code\idea\fast\easy_dssl\target\classes;C:\Users\李德林\.m2\repository\nil\ed\easy_dio\1.0\easy_dio-1.0.jar;C:\Users\李德林\.m2\repository\junit\junit\4.11\junit-4.11.jar;C:\Users\李德林\.m2\repository\org\hamcrest\hamcrest-core\1.3\hamcrest-core-1.3.jar;"/>
    <property name="java.vm.vendor" value="Oracle Corporation"/>
    <property name="sun.arch.data.model" value="32"/>
    <property name="user.variant" value=""/>
    <property name="java.vendor.url" value="http://java.oracle.com/"/>
    <property name="user.timezone" value="Asia/Shanghai"/>
    <property name="java.vm.specification.version" value="1.8"/>
    <property name="os.name" value="Windows 10"/>
    <property name="user.country" value="CN"/>
    <property name="sun.java.launcher" value="SUN_STANDARD"/>
    <property name="sun.boot.library.path" value="D:\jdk1.8x86\jre\bin"/>
    <property name="sun.java.command" value="D:\AppData\Local\Temp\surefire6409849038740984126\surefirebooter4807540119386216.jar D:\AppData\Local\Temp\surefire6409849038740984126 2019-06-23T20-41-11_515-jvmRun1 surefire7009122900580779666tmp surefire_0527652467214492524tmp"/>
    <property name="surefire.test.class.path" value="E:\000Code\idea\fast\easy_dssl\target\test-classes;E:\000Code\idea\fast\easy_dssl\target\classes;C:\Users\李德林\.m2\repository\nil\ed\easy_dio\1.0\easy_dio-1.0.jar;C:\Users\李德林\.m2\repository\junit\junit\4.11\junit-4.11.jar;C:\Users\李德林\.m2\repository\org\hamcrest\hamcrest-core\1.3\hamcrest-core-1.3.jar;"/>
    <property name="sun.cpu.endian" value="little"/>
    <property name="user.home" value="C:\Users\李德林"/>
    <property name="user.language" value="zh"/>
    <property name="java.specification.vendor" value="Oracle Corporation"/>
    <property name="java.home" value="D:\jdk1.8x86\jre"/>
    <property name="basedir" value="E:\000Code\idea\fast\easy_dssl"/>
    <property name="file.separator" value="\"/>
    <property name="line.separator" value="&#10;"/>
    <property name="java.vm.specification.vendor" value="Oracle Corporation"/>
    <property name="java.specification.name" value="Java Platform API Specification"/>
    <property name="java.awt.graphicsenv" value="sun.awt.Win32GraphicsEnvironment"/>
    <property name="surefire.real.class.path" value="D:\AppData\Local\Temp\surefire6409849038740984126\surefirebooter4807540119386216.jar"/>
    <property name="sun.boot.class.path" value="D:\jdk1.8x86\jre\lib\resources.jar;D:\jdk1.8x86\jre\lib\rt.jar;D:\jdk1.8x86\jre\lib\sunrsasign.jar;D:\jdk1.8x86\jre\lib\jsse.jar;D:\jdk1.8x86\jre\lib\jce.jar;D:\jdk1.8x86\jre\lib\charsets.jar;D:\jdk1.8x86\jre\lib\jfr.jar;D:\jdk1.8x86\jre\classes"/>
    <property name="user.script" value=""/>
    <property name="sun.management.compiler" value="HotSpot Client Compiler"/>
    <property name="java.runtime.version" value="1.8.0_171-b11"/>
    <property name="user.name" value="delin"/>
    <property name="path.separator" value=";"/>
    <property name="os.version" value="10.0"/>
    <property name="java.endorsed.dirs" value="D:\jdk1.8x86\jre\lib\endorsed"/>
    <property name="java.runtime.name" value="Java(TM) SE Runtime Environment"/>
    <property name="file.encoding" value="GBK"/>
    <property name="java.vm.name" value="Java HotSpot(TM) Client VM"/>
    <property name="localRepository" value="C:\Users\李德林\.m2\repository"/>
    <property name="java.vendor.url.bug" value="http://bugreport.sun.com/bugreport/"/>
    <property name="java.io.tmpdir" value="D:\AppData\Local\Temp\"/>
    <property name="idea.version" value="2018.1.7"/>
    <property name="java.version" value="1.8.0_171"/>
    <property name="user.dir" value="E:\000Code\idea\fast\easy_dssl"/>
    <property name="os.arch" value="x86"/>
    <property name="java.vm.specification.name" value="Java Virtual Machine Specification"/>
    <property name="java.awt.printerjob" value="sun.awt.windows.WPrinterJob"/>
    <property name="sun.os.patch.level" value=""/>
    <property name="java.library.path" value="D:\jdk1.8x86\jre\bin;C:\Windows\Sun\Java\bin;C:\Windows\system32;C:\Windows;C:\Users\李德林\AppData\Local\Programs\Python\Python36-32;D:\oracle_real_path\app\oracle\product\11.2.0\server\bin;c:\program files\ibm\gsk8\lib;D:\Program Files (x86)\IBM\SQLLIB\BIN;D:\Program Files (x86)\Git\cmd;C:\Program Files (x86)\Calibre2\;D:\Program Files\PuTTY\;D:\Program Files\apache-maven-3.5.2\bin;C:\Windows\System32;C:\Program Files\NVIDIA Corporation\NVIDIA NvDLISR;D:\Program Files (x86)\Tesseract-OCR;D:\MINGW;D:\MINGW\bin;D:\Program Files\Apache Software Foundation\Tomcat 9.0\lib;D:\Program Files\Java\jdk1.8.0_131\bin;C:\Users\李德林\AppData\Local\GitHubDesktop\bin;D:\Program Files\JetBrains\CLion 2019.1.4\bin;;;."/>
    <property name="java.vm.info" value="mixed mode, sharing"/>
    <property name="java.vendor" value="Oracle Corporation"/>
    <property name="java.vm.version" value="25.171-b11"/>
    <property name="java.ext.dirs" value="D:\jdk1.8x86\jre\lib\ext;C:\Windows\Sun\Java\lib\ext"/>
    <property name="sun.io.unicode.encoding" value="UnicodeLittle"/>
    <property name="java.class.version" value="52.0"/>
  </properties>
  <testcase name="shouldAnswerWithTrue" classname="nil.ed.AppTest" time="0.002"/>
</testsuite>